<?xml version="1.0" encoding="UTF-8"?>
<coverage generated="1761608267">
  <project timestamp="1761608267" name="Clover Coverage">
    <package name="App\Http\Controllers\Admin">
      <file name="C:\Users\DELL\OneDrive\Documents\Semestre 3\Développement web\Projet\backend\Mon_miam_miam\app\Http\Controllers\Admin\AdminDashboardController.php">
        <class name="App\Http\Controllers\Admin\AdminDashboardController" namespace="App\Http\Controllers\Admin">
          <metrics complexity="19" methods="3" coveredmethods="0" conditionals="0" coveredconditionals="0" statements="144" coveredstatements="0" elements="147" coveredelements="0"/>
        </class>
        <line num="15" type="method" name="index" visibility="public" complexity="7" crap="56" count="0"/>
        <line num="17" type="stmt" count="0"/>
        <line num="20" type="stmt" count="0"/>
        <line num="21" type="stmt" count="0"/>
        <line num="22" type="stmt" count="0"/>
        <line num="23" type="stmt" count="0"/>
        <line num="24" type="stmt" count="0"/>
        <line num="25" type="stmt" count="0"/>
        <line num="28" type="stmt" count="0"/>
        <line num="29" type="stmt" count="0"/>
        <line num="30" type="stmt" count="0"/>
        <line num="32" type="stmt" count="0"/>
        <line num="34" type="stmt" count="0"/>
        <line num="35" type="stmt" count="0"/>
        <line num="36" type="stmt" count="0"/>
        <line num="38" type="stmt" count="0"/>
        <line num="41" type="stmt" count="0"/>
        <line num="44" type="stmt" count="0"/>
        <line num="47" type="stmt" count="0"/>
        <line num="48" type="stmt" count="0"/>
        <line num="49" type="stmt" count="0"/>
        <line num="50" type="stmt" count="0"/>
        <line num="51" type="stmt" count="0"/>
        <line num="53" type="stmt" count="0"/>
        <line num="55" type="stmt" count="0"/>
        <line num="56" type="stmt" count="0"/>
        <line num="57" type="stmt" count="0"/>
        <line num="58" type="stmt" count="0"/>
        <line num="59" type="stmt" count="0"/>
        <line num="60" type="stmt" count="0"/>
        <line num="61" type="stmt" count="0"/>
        <line num="64" type="stmt" count="0"/>
        <line num="65" type="stmt" count="0"/>
        <line num="66" type="stmt" count="0"/>
        <line num="67" type="stmt" count="0"/>
        <line num="68" type="stmt" count="0"/>
        <line num="69" type="stmt" count="0"/>
        <line num="70" type="stmt" count="0"/>
        <line num="73" type="stmt" count="0"/>
        <line num="74" type="stmt" count="0"/>
        <line num="75" type="stmt" count="0"/>
        <line num="76" type="stmt" count="0"/>
        <line num="77" type="stmt" count="0"/>
        <line num="78" type="stmt" count="0"/>
        <line num="79" type="stmt" count="0"/>
        <line num="80" type="stmt" count="0"/>
        <line num="81" type="stmt" count="0"/>
        <line num="82" type="stmt" count="0"/>
        <line num="83" type="stmt" count="0"/>
        <line num="89" type="method" name="getGraphiqueVentes" visibility="private" complexity="7" crap="56" count="0"/>
        <line num="91" type="stmt" count="0"/>
        <line num="92" type="stmt" count="0"/>
        <line num="95" type="stmt" count="0"/>
        <line num="97" type="stmt" count="0"/>
        <line num="98" type="stmt" count="0"/>
        <line num="99" type="stmt" count="0"/>
        <line num="101" type="stmt" count="0"/>
        <line num="102" type="stmt" count="0"/>
        <line num="103" type="stmt" count="0"/>
        <line num="104" type="stmt" count="0"/>
        <line num="106" type="stmt" count="0"/>
        <line num="108" type="stmt" count="0"/>
        <line num="110" type="stmt" count="0"/>
        <line num="111" type="stmt" count="0"/>
        <line num="112" type="stmt" count="0"/>
        <line num="113" type="stmt" count="0"/>
        <line num="115" type="stmt" count="0"/>
        <line num="116" type="stmt" count="0"/>
        <line num="117" type="stmt" count="0"/>
        <line num="118" type="stmt" count="0"/>
        <line num="120" type="stmt" count="0"/>
        <line num="124" type="stmt" count="0"/>
        <line num="125" type="stmt" count="0"/>
        <line num="126" type="stmt" count="0"/>
        <line num="128" type="stmt" count="0"/>
        <line num="129" type="stmt" count="0"/>
        <line num="130" type="stmt" count="0"/>
        <line num="131" type="stmt" count="0"/>
        <line num="132" type="stmt" count="0"/>
        <line num="134" type="stmt" count="0"/>
        <line num="137" type="stmt" count="0"/>
        <line num="138" type="stmt" count="0"/>
        <line num="139" type="stmt" count="0"/>
        <line num="140" type="stmt" count="0"/>
        <line num="146" type="method" name="getActivitesRecentes" visibility="private" complexity="5" crap="30" count="0"/>
        <line num="148" type="stmt" count="0"/>
        <line num="151" type="stmt" count="0"/>
        <line num="152" type="stmt" count="0"/>
        <line num="153" type="stmt" count="0"/>
        <line num="154" type="stmt" count="0"/>
        <line num="155" type="stmt" count="0"/>
        <line num="157" type="stmt" count="0"/>
        <line num="158" type="stmt" count="0"/>
        <line num="159" type="stmt" count="0"/>
        <line num="160" type="stmt" count="0"/>
        <line num="161" type="stmt" count="0"/>
        <line num="162" type="stmt" count="0"/>
        <line num="163" type="stmt" count="0"/>
        <line num="164" type="stmt" count="0"/>
        <line num="165" type="stmt" count="0"/>
        <line num="169" type="stmt" count="0"/>
        <line num="170" type="stmt" count="0"/>
        <line num="171" type="stmt" count="0"/>
        <line num="172" type="stmt" count="0"/>
        <line num="173" type="stmt" count="0"/>
        <line num="175" type="stmt" count="0"/>
        <line num="176" type="stmt" count="0"/>
        <line num="177" type="stmt" count="0"/>
        <line num="178" type="stmt" count="0"/>
        <line num="179" type="stmt" count="0"/>
        <line num="180" type="stmt" count="0"/>
        <line num="181" type="stmt" count="0"/>
        <line num="182" type="stmt" count="0"/>
        <line num="183" type="stmt" count="0"/>
        <line num="187" type="stmt" count="0"/>
        <line num="188" type="stmt" count="0"/>
        <line num="189" type="stmt" count="0"/>
        <line num="190" type="stmt" count="0"/>
        <line num="191" type="stmt" count="0"/>
        <line num="192" type="stmt" count="0"/>
        <line num="194" type="stmt" count="0"/>
        <line num="195" type="stmt" count="0"/>
        <line num="196" type="stmt" count="0"/>
        <line num="197" type="stmt" count="0"/>
        <line num="198" type="stmt" count="0"/>
        <line num="199" type="stmt" count="0"/>
        <line num="200" type="stmt" count="0"/>
        <line num="201" type="stmt" count="0"/>
        <line num="202" type="stmt" count="0"/>
        <line num="206" type="stmt" count="0"/>
        <line num="207" type="stmt" count="0"/>
        <line num="208" type="stmt" count="0"/>
        <line num="209" type="stmt" count="0"/>
        <line num="210" type="stmt" count="0"/>
        <line num="212" type="stmt" count="0"/>
        <line num="213" type="stmt" count="0"/>
        <line num="214" type="stmt" count="0"/>
        <line num="215" type="stmt" count="0"/>
        <line num="216" type="stmt" count="0"/>
        <line num="217" type="stmt" count="0"/>
        <line num="218" type="stmt" count="0"/>
        <line num="219" type="stmt" count="0"/>
        <line num="220" type="stmt" count="0"/>
        <line num="224" type="stmt" count="0"/>
        <line num="225" type="stmt" count="0"/>
        <line num="226" type="stmt" count="0"/>
        <line num="228" type="stmt" count="0"/>
        <metrics loc="230" ncloc="210" classes="1" methods="3" coveredmethods="0" conditionals="0" coveredconditionals="0" statements="144" coveredstatements="0" elements="147" coveredelements="0"/>
      </file>
      <file name="C:\Users\DELL\OneDrive\Documents\Semestre 3\Développement web\Projet\backend\Mon_miam_miam\app\Http\Controllers\Admin\EmployeeManagementController.php">
        <class name="App\Http\Controllers\Admin\EmployeeManagementController" namespace="App\Http\Controllers\Admin">
          <metrics complexity="8" methods="5" coveredmethods="0" conditionals="0" coveredconditionals="0" statements="58" coveredstatements="0" elements="63" coveredelements="0"/>
        </class>
        <line num="16" type="method" name="index" visibility="public" complexity="1" crap="2" count="0"/>
        <line num="18" type="stmt" count="0"/>
        <line num="19" type="stmt" count="0"/>
        <line num="20" type="stmt" count="0"/>
        <line num="22" type="stmt" count="0"/>
        <line num="28" type="method" name="store" visibility="public" complexity="1" crap="2" count="0"/>
        <line num="30" type="stmt" count="0"/>
        <line num="31" type="stmt" count="0"/>
        <line num="32" type="stmt" count="0"/>
        <line num="33" type="stmt" count="0"/>
        <line num="34" type="stmt" count="0"/>
        <line num="37" type="stmt" count="0"/>
        <line num="38" type="stmt" count="0"/>
        <line num="39" type="stmt" count="0"/>
        <line num="40" type="stmt" count="0"/>
        <line num="41" type="stmt" count="0"/>
        <line num="42" type="stmt" count="0"/>
        <line num="44" type="stmt" count="0"/>
        <line num="45" type="stmt" count="0"/>
        <line num="46" type="stmt" count="0"/>
        <line num="47" type="stmt" count="0"/>
        <line num="48" type="stmt" count="0"/>
        <line num="54" type="method" name="update" visibility="public" complexity="1" crap="2" count="0"/>
        <line num="56" type="stmt" count="0"/>
        <line num="58" type="stmt" count="0"/>
        <line num="59" type="stmt" count="0"/>
        <line num="60" type="stmt" count="0"/>
        <line num="61" type="stmt" count="0"/>
        <line num="62" type="stmt" count="0"/>
        <line num="64" type="stmt" count="0"/>
        <line num="66" type="stmt" count="0"/>
        <line num="67" type="stmt" count="0"/>
        <line num="68" type="stmt" count="0"/>
        <line num="69" type="stmt" count="0"/>
        <line num="75" type="method" name="toggleStatus" visibility="public" complexity="2" crap="6" count="0"/>
        <line num="77" type="stmt" count="0"/>
        <line num="80" type="stmt" count="0"/>
        <line num="81" type="stmt" count="0"/>
        <line num="83" type="stmt" count="0"/>
        <line num="84" type="stmt" count="0"/>
        <line num="85" type="stmt" count="0"/>
        <line num="87" type="stmt" count="0"/>
        <line num="88" type="stmt" count="0"/>
        <line num="89" type="stmt" count="0"/>
        <line num="90" type="stmt" count="0"/>
        <line num="91" type="stmt" count="0"/>
        <line num="97" type="method" name="destroy" visibility="public" complexity="3" crap="12" count="0"/>
        <line num="99" type="stmt" count="0"/>
        <line num="102" type="stmt" count="0"/>
        <line num="103" type="stmt" count="0"/>
        <line num="104" type="stmt" count="0"/>
        <line num="105" type="stmt" count="0"/>
        <line num="106" type="stmt" count="0"/>
        <line num="110" type="stmt" count="0"/>
        <line num="111" type="stmt" count="0"/>
        <line num="112" type="stmt" count="0"/>
        <line num="113" type="stmt" count="0"/>
        <line num="114" type="stmt" count="0"/>
        <line num="117" type="stmt" count="0"/>
        <line num="119" type="stmt" count="0"/>
        <line num="120" type="stmt" count="0"/>
        <line num="121" type="stmt" count="0"/>
        <line num="122" type="stmt" count="0"/>
        <metrics loc="124" ncloc="105" classes="1" methods="5" coveredmethods="0" conditionals="0" coveredconditionals="0" statements="58" coveredstatements="0" elements="63" coveredelements="0"/>
      </file>
      <file name="C:\Users\DELL\OneDrive\Documents\Semestre 3\Développement web\Projet\backend\Mon_miam_miam\app\Http\Controllers\Admin\PromotionController.php">
        <class name="App\Http\Controllers\Admin\PromotionController" namespace="App\Http\Controllers\Admin">
          <metrics complexity="16" methods="11" coveredmethods="0" conditionals="0" coveredconditionals="0" statements="77" coveredstatements="0" elements="88" coveredelements="0"/>
        </class>
        <line num="12" type="method" name="index" visibility="public" complexity="2" crap="6" count="0"/>
        <line num="14" type="stmt" count="0"/>
        <line num="16" type="stmt" count="0"/>
        <line num="18" type="stmt" count="0"/>
        <line num="19" type="stmt" count="0"/>
        <line num="22" type="stmt" count="0"/>
        <line num="23" type="stmt" count="0"/>
        <line num="26" type="stmt" count="0"/>
        <line num="30" type="method" name="createPromotion" visibility="public" complexity="1" crap="2" count="0"/>
        <line num="32" type="stmt" count="0"/>
        <line num="35" type="method" name="storePromotion" visibility="public" complexity="2" crap="6" count="0"/>
        <line num="37" type="stmt" count="0"/>
        <line num="38" type="stmt" count="0"/>
        <line num="39" type="stmt" count="0"/>
        <line num="40" type="stmt" count="0"/>
        <line num="41" type="stmt" count="0"/>
        <line num="42" type="stmt" count="0"/>
        <line num="43" type="stmt" count="0"/>
        <line num="44" type="stmt" count="0"/>
        <line num="45" type="stmt" count="0"/>
        <line num="46" type="stmt" count="0"/>
        <line num="47" type="stmt" count="0"/>
        <line num="48" type="stmt" count="0"/>
        <line num="49" type="stmt" count="0"/>
        <line num="51" type="stmt" count="0"/>
        <line num="52" type="stmt" count="0"/>
        <line num="54" type="stmt" count="0"/>
        <line num="56" type="stmt" count="0"/>
        <line num="57" type="stmt" count="0"/>
        <line num="60" type="method" name="editPromotion" visibility="public" complexity="1" crap="2" count="0"/>
        <line num="62" type="stmt" count="0"/>
        <line num="65" type="method" name="updatePromotion" visibility="public" complexity="2" crap="6" count="0"/>
        <line num="67" type="stmt" count="0"/>
        <line num="68" type="stmt" count="0"/>
        <line num="69" type="stmt" count="0"/>
        <line num="70" type="stmt" count="0"/>
        <line num="71" type="stmt" count="0"/>
        <line num="72" type="stmt" count="0"/>
        <line num="73" type="stmt" count="0"/>
        <line num="74" type="stmt" count="0"/>
        <line num="75" type="stmt" count="0"/>
        <line num="76" type="stmt" count="0"/>
        <line num="77" type="stmt" count="0"/>
        <line num="78" type="stmt" count="0"/>
        <line num="79" type="stmt" count="0"/>
        <line num="81" type="stmt" count="0"/>
        <line num="83" type="stmt" count="0"/>
        <line num="85" type="stmt" count="0"/>
        <line num="86" type="stmt" count="0"/>
        <line num="89" type="method" name="destroyPromotion" visibility="public" complexity="1" crap="2" count="0"/>
        <line num="91" type="stmt" count="0"/>
        <line num="93" type="stmt" count="0"/>
        <line num="94" type="stmt" count="0"/>
        <line num="98" type="method" name="createEvent" visibility="public" complexity="1" crap="2" count="0"/>
        <line num="100" type="stmt" count="0"/>
        <line num="103" type="method" name="storeEvent" visibility="public" complexity="2" crap="6" count="0"/>
        <line num="105" type="stmt" count="0"/>
        <line num="106" type="stmt" count="0"/>
        <line num="107" type="stmt" count="0"/>
        <line num="108" type="stmt" count="0"/>
        <line num="109" type="stmt" count="0"/>
        <line num="110" type="stmt" count="0"/>
        <line num="111" type="stmt" count="0"/>
        <line num="112" type="stmt" count="0"/>
        <line num="114" type="stmt" count="0"/>
        <line num="115" type="stmt" count="0"/>
        <line num="117" type="stmt" count="0"/>
        <line num="119" type="stmt" count="0"/>
        <line num="120" type="stmt" count="0"/>
        <line num="123" type="method" name="editEvent" visibility="public" complexity="1" crap="2" count="0"/>
        <line num="125" type="stmt" count="0"/>
        <line num="128" type="method" name="updateEvent" visibility="public" complexity="2" crap="6" count="0"/>
        <line num="130" type="stmt" count="0"/>
        <line num="131" type="stmt" count="0"/>
        <line num="132" type="stmt" count="0"/>
        <line num="133" type="stmt" count="0"/>
        <line num="134" type="stmt" count="0"/>
        <line num="135" type="stmt" count="0"/>
        <line num="136" type="stmt" count="0"/>
        <line num="137" type="stmt" count="0"/>
        <line num="139" type="stmt" count="0"/>
        <line num="141" type="stmt" count="0"/>
        <line num="143" type="stmt" count="0"/>
        <line num="144" type="stmt" count="0"/>
        <line num="147" type="method" name="destroyEvent" visibility="public" complexity="1" crap="2" count="0"/>
        <line num="149" type="stmt" count="0"/>
        <line num="151" type="stmt" count="0"/>
        <line num="152" type="stmt" count="0"/>
        <metrics loc="154" ncloc="147" classes="1" methods="11" coveredmethods="0" conditionals="0" coveredconditionals="0" statements="77" coveredstatements="0" elements="88" coveredelements="0"/>
      </file>
      <file name="C:\Users\DELL\OneDrive\Documents\Semestre 3\Développement web\Projet\backend\Mon_miam_miam\app\Http\Controllers\Admin\StatistiquesController.php">
        <class name="App\Http\Controllers\Admin\StatistiquesController" namespace="App\Http\Controllers\Admin">
          <metrics complexity="2" methods="1" coveredmethods="0" conditionals="0" coveredconditionals="0" statements="95" coveredstatements="0" elements="96" coveredelements="0"/>
        </class>
        <line num="12" type="method" name="index" visibility="public" complexity="2" crap="6" count="0"/>
        <line num="15" type="stmt" count="0"/>
        <line num="16" type="stmt" count="0"/>
        <line num="19" type="stmt" count="0"/>
        <line num="20" type="stmt" count="0"/>
        <line num="23" type="stmt" count="0"/>
        <line num="24" type="stmt" count="0"/>
        <line num="25" type="stmt" count="0"/>
        <line num="26" type="stmt" count="0"/>
        <line num="27" type="stmt" count="0"/>
        <line num="28" type="stmt" count="0"/>
        <line num="29" type="stmt" count="0"/>
        <line num="30" type="stmt" count="0"/>
        <line num="31" type="stmt" count="0"/>
        <line num="32" type="stmt" count="0"/>
        <line num="33" type="stmt" count="0"/>
        <line num="36" type="stmt" count="0"/>
        <line num="37" type="stmt" count="0"/>
        <line num="38" type="stmt" count="0"/>
        <line num="39" type="stmt" count="0"/>
        <line num="40" type="stmt" count="0"/>
        <line num="41" type="stmt" count="0"/>
        <line num="42" type="stmt" count="0"/>
        <line num="43" type="stmt" count="0"/>
        <line num="44" type="stmt" count="0"/>
        <line num="45" type="stmt" count="0"/>
        <line num="46" type="stmt" count="0"/>
        <line num="47" type="stmt" count="0"/>
        <line num="50" type="stmt" count="0"/>
        <line num="51" type="stmt" count="0"/>
        <line num="52" type="stmt" count="0"/>
        <line num="54" type="stmt" count="0"/>
        <line num="55" type="stmt" count="0"/>
        <line num="56" type="stmt" count="0"/>
        <line num="58" type="stmt" count="0"/>
        <line num="59" type="stmt" count="0"/>
        <line num="60" type="stmt" count="0"/>
        <line num="61" type="stmt" count="0"/>
        <line num="62" type="stmt" count="0"/>
        <line num="63" type="stmt" count="0"/>
        <line num="64" type="stmt" count="0"/>
        <line num="65" type="stmt" count="0"/>
        <line num="67" type="stmt" count="0"/>
        <line num="68" type="stmt" count="0"/>
        <line num="69" type="stmt" count="0"/>
        <line num="70" type="stmt" count="0"/>
        <line num="71" type="stmt" count="0"/>
        <line num="73" type="stmt" count="0"/>
        <line num="76" type="stmt" count="0"/>
        <line num="77" type="stmt" count="0"/>
        <line num="78" type="stmt" count="0"/>
        <line num="80" type="stmt" count="0"/>
        <line num="81" type="stmt" count="0"/>
        <line num="82" type="stmt" count="0"/>
        <line num="83" type="stmt" count="0"/>
        <line num="85" type="stmt" count="0"/>
        <line num="86" type="stmt" count="0"/>
        <line num="87" type="stmt" count="0"/>
        <line num="90" type="stmt" count="0"/>
        <line num="91" type="stmt" count="0"/>
        <line num="92" type="stmt" count="0"/>
        <line num="93" type="stmt" count="0"/>
        <line num="94" type="stmt" count="0"/>
        <line num="95" type="stmt" count="0"/>
        <line num="96" type="stmt" count="0"/>
        <line num="97" type="stmt" count="0"/>
        <line num="98" type="stmt" count="0"/>
        <line num="99" type="stmt" count="0"/>
        <line num="102" type="stmt" count="0"/>
        <line num="103" type="stmt" count="0"/>
        <line num="104" type="stmt" count="0"/>
        <line num="105" type="stmt" count="0"/>
        <line num="106" type="stmt" count="0"/>
        <line num="107" type="stmt" count="0"/>
        <line num="108" type="stmt" count="0"/>
        <line num="109" type="stmt" count="0"/>
        <line num="110" type="stmt" count="0"/>
        <line num="111" type="stmt" count="0"/>
        <line num="112" type="stmt" count="0"/>
        <line num="113" type="stmt" count="0"/>
        <line num="114" type="stmt" count="0"/>
        <line num="115" type="stmt" count="0"/>
        <line num="117" type="stmt" count="0"/>
        <line num="118" type="stmt" count="0"/>
        <line num="119" type="stmt" count="0"/>
        <line num="120" type="stmt" count="0"/>
        <line num="121" type="stmt" count="0"/>
        <line num="122" type="stmt" count="0"/>
        <line num="123" type="stmt" count="0"/>
        <line num="124" type="stmt" count="0"/>
        <line num="125" type="stmt" count="0"/>
        <line num="126" type="stmt" count="0"/>
        <line num="127" type="stmt" count="0"/>
        <line num="128" type="stmt" count="0"/>
        <line num="129" type="stmt" count="0"/>
        <line num="130" type="stmt" count="0"/>
        <metrics loc="132" ncloc="124" classes="1" methods="1" coveredmethods="0" conditionals="0" coveredconditionals="0" statements="95" coveredstatements="0" elements="96" coveredelements="0"/>
      </file>
    </package>
    <package name="App\Http\Controllers\Auth">
      <file name="C:\Users\DELL\OneDrive\Documents\Semestre 3\Développement web\Projet\backend\Mon_miam_miam\app\Http\Controllers\Auth\AuthenticatedSessionController.php">
        <class name="App\Http\Controllers\Auth\AuthenticatedSessionController" namespace="App\Http\Controllers\Auth">
          <metrics complexity="8" methods="3" coveredmethods="0" conditionals="0" coveredconditionals="0" statements="15" coveredstatements="0" elements="18" coveredelements="0"/>
        </class>
        <line num="17" type="method" name="create" visibility="public" complexity="1" crap="2" count="0"/>
        <line num="19" type="stmt" count="0"/>
        <line num="25" type="method" name="store" visibility="public" complexity="6" crap="42" count="0"/>
        <line num="27" type="stmt" count="0"/>
        <line num="29" type="stmt" count="0"/>
        <line num="30" type="stmt" count="0"/>
        <line num="33" type="stmt" count="0"/>
        <line num="34" type="stmt" count="0"/>
        <line num="35" type="stmt" count="0"/>
        <line num="36" type="stmt" count="0"/>
        <line num="37" type="stmt" count="0"/>
        <line num="38" type="stmt" count="0"/>
        <line num="39" type="stmt" count="0"/>
        <line num="45" type="method" name="destroy" visibility="public" complexity="1" crap="2" count="0"/>
        <line num="47" type="stmt" count="0"/>
        <line num="49" type="stmt" count="0"/>
        <line num="51" type="stmt" count="0"/>
        <line num="53" type="stmt" count="0"/>
        <metrics loc="56" ncloc="47" classes="1" methods="3" coveredmethods="0" conditionals="0" coveredconditionals="0" statements="15" coveredstatements="0" elements="18" coveredelements="0"/>
      </file>
      <file name="C:\Users\DELL\OneDrive\Documents\Semestre 3\Développement web\Projet\backend\Mon_miam_miam\app\Http\Controllers\Auth\ConfirmablePasswordController.php">
        <class name="App\Http\Controllers\Auth\ConfirmablePasswordController" namespace="App\Http\Controllers\Auth">
          <metrics complexity="3" methods="2" coveredmethods="0" conditionals="0" coveredconditionals="0" statements="10" coveredstatements="0" elements="12" coveredelements="0"/>
        </class>
        <line num="17" type="method" name="show" visibility="public" complexity="1" crap="2" count="0"/>
        <line num="19" type="stmt" count="0"/>
        <line num="25" type="method" name="store" visibility="public" complexity="2" crap="6" count="0"/>
        <line num="27" type="stmt" count="0"/>
        <line num="28" type="stmt" count="0"/>
        <line num="29" type="stmt" count="0"/>
        <line num="30" type="stmt" count="0"/>
        <line num="31" type="stmt" count="0"/>
        <line num="32" type="stmt" count="0"/>
        <line num="33" type="stmt" count="0"/>
        <line num="36" type="stmt" count="0"/>
        <line num="38" type="stmt" count="0"/>
        <metrics loc="41" ncloc="35" classes="1" methods="2" coveredmethods="0" conditionals="0" coveredconditionals="0" statements="10" coveredstatements="0" elements="12" coveredelements="0"/>
      </file>
      <file name="C:\Users\DELL\OneDrive\Documents\Semestre 3\Développement web\Projet\backend\Mon_miam_miam\app\Http\Controllers\Auth\EmailVerificationNotificationController.php">
        <class name="App\Http\Controllers\Auth\EmailVerificationNotificationController" namespace="App\Http\Controllers\Auth">
          <metrics complexity="2" methods="1" coveredmethods="0" conditionals="0" coveredconditionals="0" statements="4" coveredstatements="0" elements="5" coveredelements="0"/>
        </class>
        <line num="14" type="method" name="store" visibility="public" complexity="2" crap="6" count="0"/>
        <line num="16" type="stmt" count="0"/>
        <line num="17" type="stmt" count="0"/>
        <line num="20" type="stmt" count="0"/>
        <line num="22" type="stmt" count="0"/>
        <metrics loc="25" ncloc="22" classes="1" methods="1" coveredmethods="0" conditionals="0" coveredconditionals="0" statements="4" coveredstatements="0" elements="5" coveredelements="0"/>
      </file>
      <file name="C:\Users\DELL\OneDrive\Documents\Semestre 3\Développement web\Projet\backend\Mon_miam_miam\app\Http\Controllers\Auth\EmailVerificationPromptController.php">
        <class name="App\Http\Controllers\Auth\EmailVerificationPromptController" namespace="App\Http\Controllers\Auth">
          <metrics complexity="2" methods="1" coveredmethods="0" conditionals="0" coveredconditionals="0" statements="3" coveredstatements="0" elements="4" coveredelements="0"/>
        </class>
        <line num="15" type="method" name="__invoke" visibility="public" complexity="2" crap="6" count="0"/>
        <line num="17" type="stmt" count="0"/>
        <line num="18" type="stmt" count="0"/>
        <line num="19" type="stmt" count="0"/>
        <metrics loc="22" ncloc="19" classes="1" methods="1" coveredmethods="0" conditionals="0" coveredconditionals="0" statements="3" coveredstatements="0" elements="4" coveredelements="0"/>
      </file>
      <file name="C:\Users\DELL\OneDrive\Documents\Semestre 3\Développement web\Projet\backend\Mon_miam_miam\app\Http\Controllers\Auth\NewPasswordController.php">
        <class name="App\Http\Controllers\Auth\NewPasswordController" namespace="App\Http\Controllers\Auth">
          <metrics complexity="3" methods="2" coveredmethods="0" conditionals="0" coveredconditionals="0" statements="20" coveredstatements="0" elements="22" coveredelements="0"/>
        </class>
        <line num="21" type="method" name="create" visibility="public" complexity="1" crap="2" count="0"/>
        <line num="23" type="stmt" count="0"/>
        <line num="31" type="method" name="store" visibility="public" complexity="2" crap="6" count="0"/>
        <line num="33" type="stmt" count="0"/>
        <line num="34" type="stmt" count="0"/>
        <line num="35" type="stmt" count="0"/>
        <line num="36" type="stmt" count="0"/>
        <line num="37" type="stmt" count="0"/>
        <line num="42" type="stmt" count="0"/>
        <line num="43" type="stmt" count="0"/>
        <line num="44" type="stmt" count="0"/>
        <line num="45" type="stmt" count="0"/>
        <line num="46" type="stmt" count="0"/>
        <line num="47" type="stmt" count="0"/>
        <line num="48" type="stmt" count="0"/>
        <line num="50" type="stmt" count="0"/>
        <line num="51" type="stmt" count="0"/>
        <line num="52" type="stmt" count="0"/>
        <line num="57" type="stmt" count="0"/>
        <line num="58" type="stmt" count="0"/>
        <line num="59" type="stmt" count="0"/>
        <line num="60" type="stmt" count="0"/>
        <metrics loc="63" ncloc="49" classes="1" methods="2" coveredmethods="0" conditionals="0" coveredconditionals="0" statements="20" coveredstatements="0" elements="22" coveredelements="0"/>
      </file>
      <file name="C:\Users\DELL\OneDrive\Documents\Semestre 3\Développement web\Projet\backend\Mon_miam_miam\app\Http\Controllers\Auth\PasswordController.php">
        <class name="App\Http\Controllers\Auth\PasswordController" namespace="App\Http\Controllers\Auth">
          <metrics complexity="1" methods="1" coveredmethods="0" conditionals="0" coveredconditionals="0" statements="8" coveredstatements="0" elements="9" coveredelements="0"/>
        </class>
        <line num="16" type="method" name="update" visibility="public" complexity="1" crap="2" count="0"/>
        <line num="18" type="stmt" count="0"/>
        <line num="19" type="stmt" count="0"/>
        <line num="20" type="stmt" count="0"/>
        <line num="21" type="stmt" count="0"/>
        <line num="23" type="stmt" count="0"/>
        <line num="24" type="stmt" count="0"/>
        <line num="25" type="stmt" count="0"/>
        <line num="27" type="stmt" count="0"/>
        <metrics loc="30" ncloc="27" classes="1" methods="1" coveredmethods="0" conditionals="0" coveredconditionals="0" statements="8" coveredstatements="0" elements="9" coveredelements="0"/>
      </file>
      <file name="C:\Users\DELL\OneDrive\Documents\Semestre 3\Développement web\Projet\backend\Mon_miam_miam\app\Http\Controllers\Auth\PasswordResetLinkController.php">
        <class name="App\Http\Controllers\Auth\PasswordResetLinkController" namespace="App\Http\Controllers\Auth">
          <metrics complexity="3" methods="2" coveredmethods="0" conditionals="0" coveredconditionals="0" statements="11" coveredstatements="0" elements="13" coveredelements="0"/>
        </class>
        <line num="16" type="method" name="create" visibility="public" complexity="1" crap="2" count="0"/>
        <line num="18" type="stmt" count="0"/>
        <line num="26" type="method" name="store" visibility="public" complexity="2" crap="6" count="0"/>
        <line num="28" type="stmt" count="0"/>
        <line num="29" type="stmt" count="0"/>
        <line num="30" type="stmt" count="0"/>
        <line num="35" type="stmt" count="0"/>
        <line num="36" type="stmt" count="0"/>
        <line num="37" type="stmt" count="0"/>
        <line num="39" type="stmt" count="0"/>
        <line num="40" type="stmt" count="0"/>
        <line num="41" type="stmt" count="0"/>
        <line num="42" type="stmt" count="0"/>
        <metrics loc="45" ncloc="34" classes="1" methods="2" coveredmethods="0" conditionals="0" coveredconditionals="0" statements="11" coveredstatements="0" elements="13" coveredelements="0"/>
      </file>
      <file name="C:\Users\DELL\OneDrive\Documents\Semestre 3\Développement web\Projet\backend\Mon_miam_miam\app\Http\Controllers\Auth\RegisteredUserController.php">
        <class name="App\Http\Controllers\Auth\RegisteredUserController" namespace="App\Http\Controllers\Auth">
          <metrics complexity="2" methods="2" coveredmethods="0" conditionals="0" coveredconditionals="0" statements="14" coveredstatements="0" elements="16" coveredelements="0"/>
        </class>
        <line num="20" type="method" name="create" visibility="public" complexity="1" crap="2" count="0"/>
        <line num="22" type="stmt" count="0"/>
        <line num="30" type="method" name="store" visibility="public" complexity="1" crap="2" count="0"/>
        <line num="32" type="stmt" count="0"/>
        <line num="33" type="stmt" count="0"/>
        <line num="34" type="stmt" count="0"/>
        <line num="35" type="stmt" count="0"/>
        <line num="36" type="stmt" count="0"/>
        <line num="38" type="stmt" count="0"/>
        <line num="39" type="stmt" count="0"/>
        <line num="40" type="stmt" count="0"/>
        <line num="41" type="stmt" count="0"/>
        <line num="42" type="stmt" count="0"/>
        <line num="44" type="stmt" count="0"/>
        <line num="46" type="stmt" count="0"/>
        <line num="48" type="stmt" count="0"/>
        <metrics loc="51" ncloc="43" classes="1" methods="2" coveredmethods="0" conditionals="0" coveredconditionals="0" statements="14" coveredstatements="0" elements="16" coveredelements="0"/>
      </file>
      <file name="C:\Users\DELL\OneDrive\Documents\Semestre 3\Développement web\Projet\backend\Mon_miam_miam\app\Http\Controllers\Auth\VerifyEmailController.php">
        <class name="App\Http\Controllers\Auth\VerifyEmailController" namespace="App\Http\Controllers\Auth">
          <metrics complexity="3" methods="1" coveredmethods="0" conditionals="0" coveredconditionals="0" statements="5" coveredstatements="0" elements="6" coveredelements="0"/>
        </class>
        <line num="15" type="method" name="__invoke" visibility="public" complexity="3" crap="12" count="0"/>
        <line num="17" type="stmt" count="0"/>
        <line num="18" type="stmt" count="0"/>
        <line num="21" type="stmt" count="0"/>
        <line num="22" type="stmt" count="0"/>
        <line num="25" type="stmt" count="0"/>
        <metrics loc="28" ncloc="25" classes="1" methods="1" coveredmethods="0" conditionals="0" coveredconditionals="0" statements="5" coveredstatements="0" elements="6" coveredelements="0"/>
      </file>
    </package>
    <package name="App\Http\Controllers\Employee">
      <file name="C:\Users\DELL\OneDrive\Documents\Semestre 3\Développement web\Projet\backend\Mon_miam_miam\app\Http\Controllers\CommandesController.php">
        <class name="App\Http\Controllers\Employee\CommandeController" namespace="App\Http\Controllers\Employee">
          <metrics complexity="29" methods="8" coveredmethods="0" conditionals="0" coveredconditionals="0" statements="158" coveredstatements="0" elements="166" coveredelements="0"/>
        </class>
        <line num="15" type="method" name="index" visibility="public" complexity="7" crap="56" count="0"/>
        <line num="17" type="stmt" count="0"/>
        <line num="18" type="stmt" count="0"/>
        <line num="21" type="stmt" count="0"/>
        <line num="22" type="stmt" count="0"/>
        <line num="23" type="stmt" count="0"/>
        <line num="24" type="stmt" count="0"/>
        <line num="25" type="stmt" count="0"/>
        <line num="26" type="stmt" count="0"/>
        <line num="27" type="stmt" count="0"/>
        <line num="28" type="stmt" count="0"/>
        <line num="32" type="stmt" count="0"/>
        <line num="33" type="stmt" count="0"/>
        <line num="37" type="stmt" count="0"/>
        <line num="38" type="stmt" count="0"/>
        <line num="41" type="stmt" count="0"/>
        <line num="43" type="stmt" count="0"/>
        <line num="44" type="stmt" count="0"/>
        <line num="45" type="stmt" count="0"/>
        <line num="46" type="stmt" count="0"/>
        <line num="47" type="stmt" count="0"/>
        <line num="48" type="stmt" count="0"/>
        <line num="49" type="stmt" count="0"/>
        <line num="50" type="stmt" count="0"/>
        <line num="51" type="stmt" count="0"/>
        <line num="52" type="stmt" count="0"/>
        <line num="53" type="stmt" count="0"/>
        <line num="54" type="stmt" count="0"/>
        <line num="55" type="stmt" count="0"/>
        <line num="56" type="stmt" count="0"/>
        <line num="57" type="stmt" count="0"/>
        <line num="58" type="stmt" count="0"/>
        <line num="59" type="stmt" count="0"/>
        <line num="60" type="stmt" count="0"/>
        <line num="61" type="stmt" count="0"/>
        <line num="62" type="stmt" count="0"/>
        <line num="64" type="stmt" count="0"/>
        <line num="65" type="stmt" count="0"/>
        <line num="66" type="stmt" count="0"/>
        <line num="67" type="stmt" count="0"/>
        <line num="68" type="stmt" count="0"/>
        <line num="74" type="method" name="changerStatut" visibility="public" complexity="6" crap="42" count="0"/>
        <line num="76" type="stmt" count="0"/>
        <line num="77" type="stmt" count="0"/>
        <line num="78" type="stmt" count="0"/>
        <line num="80" type="stmt" count="0"/>
        <line num="83" type="stmt" count="0"/>
        <line num="84" type="stmt" count="0"/>
        <line num="85" type="stmt" count="0"/>
        <line num="86" type="stmt" count="0"/>
        <line num="87" type="stmt" count="0"/>
        <line num="90" type="stmt" count="0"/>
        <line num="93" type="stmt" count="0"/>
        <line num="94" type="stmt" count="0"/>
        <line num="95" type="stmt" count="0"/>
        <line num="96" type="stmt" count="0"/>
        <line num="97" type="stmt" count="0"/>
        <line num="98" type="stmt" count="0"/>
        <line num="99" type="stmt" count="0"/>
        <line num="100" type="stmt" count="0"/>
        <line num="101" type="stmt" count="0"/>
        <line num="102" type="stmt" count="0"/>
        <line num="103" type="stmt" count="0"/>
        <line num="104" type="stmt" count="0"/>
        <line num="105" type="stmt" count="0"/>
        <line num="108" type="stmt" count="0"/>
        <line num="111" type="stmt" count="0"/>
        <line num="112" type="stmt" count="0"/>
        <line num="113" type="stmt" count="0"/>
        <line num="114" type="stmt" count="0"/>
        <line num="115" type="stmt" count="0"/>
        <line num="120" type="stmt" count="0"/>
        <line num="121" type="stmt" count="0"/>
        <line num="122" type="stmt" count="0"/>
        <line num="123" type="stmt" count="0"/>
        <line num="129" type="method" name="annuler" visibility="public" complexity="2" crap="6" count="0"/>
        <line num="131" type="stmt" count="0"/>
        <line num="132" type="stmt" count="0"/>
        <line num="133" type="stmt" count="0"/>
        <line num="135" type="stmt" count="0"/>
        <line num="138" type="stmt" count="0"/>
        <line num="139" type="stmt" count="0"/>
        <line num="140" type="stmt" count="0"/>
        <line num="141" type="stmt" count="0"/>
        <line num="142" type="stmt" count="0"/>
        <line num="145" type="stmt" count="0"/>
        <line num="146" type="stmt" count="0"/>
        <line num="147" type="stmt" count="0"/>
        <line num="148" type="stmt" count="0"/>
        <line num="149" type="stmt" count="0"/>
        <line num="152" type="stmt" count="0"/>
        <line num="153" type="stmt" count="0"/>
        <line num="154" type="stmt" count="0"/>
        <line num="155" type="stmt" count="0"/>
        <line num="156" type="stmt" count="0"/>
        <line num="166" type="stmt" count="0"/>
        <line num="167" type="stmt" count="0"/>
        <line num="168" type="stmt" count="0"/>
        <line num="169" type="stmt" count="0"/>
        <line num="175" type="method" name="peutChangerStatut" visibility="private" complexity="1" crap="2" count="0"/>
        <line num="178" type="stmt" count="0"/>
        <line num="179" type="stmt" count="0"/>
        <line num="180" type="stmt" count="0"/>
        <line num="181" type="stmt" count="0"/>
        <line num="182" type="stmt" count="0"/>
        <line num="183" type="stmt" count="0"/>
        <line num="184" type="stmt" count="0"/>
        <line num="185" type="stmt" count="0"/>
        <line num="187" type="stmt" count="0"/>
        <line num="193" type="method" name="getItemsResume" visibility="private" complexity="4" crap="20" count="0"/>
        <line num="195" type="stmt" count="0"/>
        <line num="196" type="stmt" count="0"/>
        <line num="199" type="stmt" count="0"/>
        <line num="200" type="stmt" count="0"/>
        <line num="201" type="stmt" count="0"/>
        <line num="204" type="stmt" count="0"/>
        <line num="206" type="stmt" count="0"/>
        <line num="207" type="stmt" count="0"/>
        <line num="210" type="stmt" count="0"/>
        <line num="216" type="method" name="statistiques" visibility="public" complexity="5" crap="30" count="0"/>
        <line num="218" type="stmt" count="0"/>
        <line num="221" type="stmt" count="0"/>
        <line num="222" type="stmt" count="0"/>
        <line num="223" type="stmt" count="0"/>
        <line num="224" type="stmt" count="0"/>
        <line num="225" type="stmt" count="0"/>
        <line num="226" type="stmt" count="0"/>
        <line num="227" type="stmt" count="0"/>
        <line num="228" type="stmt" count="0"/>
        <line num="229" type="stmt" count="0"/>
        <line num="231" type="stmt" count="0"/>
        <line num="234" type="stmt" count="0"/>
        <line num="235" type="stmt" count="0"/>
        <line num="236" type="stmt" count="0"/>
        <line num="237" type="stmt" count="0"/>
        <line num="238" type="stmt" count="0"/>
        <line num="239" type="stmt" count="0"/>
        <line num="240" type="stmt" count="0"/>
        <line num="241" type="stmt" count="0"/>
        <line num="242" type="stmt" count="0"/>
        <line num="243" type="stmt" count="0"/>
        <line num="244" type="stmt" count="0"/>
        <line num="245" type="stmt" count="0"/>
        <line num="246" type="stmt" count="0"/>
        <line num="247" type="stmt" count="0"/>
        <line num="248" type="stmt" count="0"/>
        <line num="249" type="stmt" count="0"/>
        <line num="250" type="stmt" count="0"/>
        <line num="251" type="stmt" count="0"/>
        <line num="253" type="stmt" count="0"/>
        <line num="259" type="method" name="getTempsPreparationMoyen" visibility="private" complexity="3" crap="12" count="0"/>
        <line num="261" type="stmt" count="0"/>
        <line num="262" type="stmt" count="0"/>
        <line num="263" type="stmt" count="0"/>
        <line num="264" type="stmt" count="0"/>
        <line num="266" type="stmt" count="0"/>
        <line num="267" type="stmt" count="0"/>
        <line num="270" type="stmt" count="0"/>
        <line num="271" type="stmt" count="0"/>
        <line num="272" type="stmt" count="0"/>
        <line num="273" type="stmt" count="0"/>
        <line num="274" type="stmt" count="0"/>
        <line num="277" type="stmt" count="0"/>
        <line num="283" type="method" name="imprimerTicket" visibility="public" complexity="1" crap="2" count="0"/>
        <line num="285" type="stmt" count="0"/>
        <line num="288" type="stmt" count="0"/>
        <metrics loc="290" ncloc="247" classes="1" methods="8" coveredmethods="0" conditionals="0" coveredconditionals="0" statements="158" coveredstatements="0" elements="166" coveredelements="0"/>
      </file>
      <file name="C:\Users\DELL\OneDrive\Documents\Semestre 3\Développement web\Projet\backend\Mon_miam_miam\app\Http\Controllers\Employee\CartController.php">
        <class name="App\Http\Controllers\Employee\CartController" namespace="App\Http\Controllers\Employee">
          <metrics complexity="18" methods="7" coveredmethods="0" conditionals="0" coveredconditionals="0" statements="100" coveredstatements="0" elements="107" coveredelements="0"/>
        </class>
        <line num="14" type="method" name="index" visibility="public" complexity="2" crap="6" count="0"/>
        <line num="16" type="stmt" count="0"/>
        <line num="17" type="stmt" count="0"/>
        <line num="19" type="stmt" count="0"/>
        <line num="20" type="stmt" count="0"/>
        <line num="23" type="stmt" count="0"/>
        <line num="30" type="method" name="add" visibility="public" complexity="3" crap="12" count="0"/>
        <line num="32" type="stmt" count="0"/>
        <line num="35" type="stmt" count="0"/>
        <line num="36" type="stmt" count="0"/>
        <line num="37" type="stmt" count="0"/>
        <line num="38" type="stmt" count="0"/>
        <line num="39" type="stmt" count="0"/>
        <line num="42" type="stmt" count="0"/>
        <line num="45" type="stmt" count="0"/>
        <line num="46" type="stmt" count="0"/>
        <line num="49" type="stmt" count="0"/>
        <line num="50" type="stmt" count="0"/>
        <line num="51" type="stmt" count="0"/>
        <line num="52" type="stmt" count="0"/>
        <line num="53" type="stmt" count="0"/>
        <line num="54" type="stmt" count="0"/>
        <line num="55" type="stmt" count="0"/>
        <line num="56" type="stmt" count="0"/>
        <line num="59" type="stmt" count="0"/>
        <line num="61" type="stmt" count="0"/>
        <line num="62" type="stmt" count="0"/>
        <line num="63" type="stmt" count="0"/>
        <line num="64" type="stmt" count="0"/>
        <line num="65" type="stmt" count="0"/>
        <line num="71" type="method" name="remove" visibility="public" complexity="2" crap="6" count="0"/>
        <line num="73" type="stmt" count="0"/>
        <line num="75" type="stmt" count="0"/>
        <line num="76" type="stmt" count="0"/>
        <line num="77" type="stmt" count="0"/>
        <line num="80" type="stmt" count="0"/>
        <line num="81" type="stmt" count="0"/>
        <line num="82" type="stmt" count="0"/>
        <line num="83" type="stmt" count="0"/>
        <line num="84" type="stmt" count="0"/>
        <line num="91" type="method" name="updateQuantity" visibility="public" complexity="2" crap="6" count="0"/>
        <line num="93" type="stmt" count="0"/>
        <line num="95" type="stmt" count="0"/>
        <line num="96" type="stmt" count="0"/>
        <line num="97" type="stmt" count="0"/>
        <line num="98" type="stmt" count="0"/>
        <line num="101" type="stmt" count="0"/>
        <line num="102" type="stmt" count="0"/>
        <line num="103" type="stmt" count="0"/>
        <line num="104" type="stmt" count="0"/>
        <line num="110" type="method" name="clear" visibility="public" complexity="1" crap="2" count="0"/>
        <line num="112" type="stmt" count="0"/>
        <line num="114" type="stmt" count="0"/>
        <line num="120" type="method" name="getCartCount" visibility="private" complexity="2" crap="6" count="0"/>
        <line num="122" type="stmt" count="0"/>
        <line num="123" type="stmt" count="0"/>
        <line num="125" type="stmt" count="0"/>
        <line num="126" type="stmt" count="0"/>
        <line num="129" type="stmt" count="0"/>
        <line num="135" type="method" name="checkout" visibility="public" complexity="6" crap="42" count="0"/>
        <line num="137" type="stmt" count="0"/>
        <line num="139" type="stmt" count="0"/>
        <line num="140" type="stmt" count="0"/>
        <line num="141" type="stmt" count="0"/>
        <line num="142" type="stmt" count="0"/>
        <line num="143" type="stmt" count="0"/>
        <line num="148" type="stmt" count="0"/>
        <line num="149" type="stmt" count="0"/>
        <line num="150" type="stmt" count="0"/>
        <line num="151" type="stmt" count="0"/>
        <line num="152" type="stmt" count="0"/>
        <line num="153" type="stmt" count="0"/>
        <line num="156" type="stmt" count="0"/>
        <line num="157" type="stmt" count="0"/>
        <line num="159" type="stmt" count="0"/>
        <line num="160" type="stmt" count="0"/>
        <line num="161" type="stmt" count="0"/>
        <line num="165" type="stmt" count="0"/>
        <line num="167" type="stmt" count="0"/>
        <line num="168" type="stmt" count="0"/>
        <line num="169" type="stmt" count="0"/>
        <line num="170" type="stmt" count="0"/>
        <line num="171" type="stmt" count="0"/>
        <line num="172" type="stmt" count="0"/>
        <line num="173" type="stmt" count="0"/>
        <line num="174" type="stmt" count="0"/>
        <line num="177" type="stmt" count="0"/>
        <line num="178" type="stmt" count="0"/>
        <line num="179" type="stmt" count="0"/>
        <line num="180" type="stmt" count="0"/>
        <line num="181" type="stmt" count="0"/>
        <line num="182" type="stmt" count="0"/>
        <line num="186" type="stmt" count="0"/>
        <line num="187" type="stmt" count="0"/>
        <line num="191" type="stmt" count="0"/>
        <line num="193" type="stmt" count="0"/>
        <line num="194" type="stmt" count="0"/>
        <line num="195" type="stmt" count="0"/>
        <line num="196" type="stmt" count="0"/>
        <line num="197" type="stmt" count="0"/>
        <line num="199" type="stmt" count="0"/>
        <line num="200" type="stmt" count="0"/>
        <line num="201" type="stmt" count="0"/>
        <line num="205" type="stmt" count="0"/>
        <line num="206" type="stmt" count="0"/>
        <line num="207" type="stmt" count="0"/>
        <line num="208" type="stmt" count="0"/>
        <metrics loc="210" ncloc="178" classes="1" methods="7" coveredmethods="0" conditionals="0" coveredconditionals="0" statements="100" coveredstatements="0" elements="107" coveredelements="0"/>
      </file>
      <file name="C:\Users\DELL\OneDrive\Documents\Semestre 3\Développement web\Projet\backend\Mon_miam_miam\app\Http\Controllers\Employee\CommandeController.php">
        <class name="App\Http\Controllers\Employee\CommandeController" namespace="App\Http\Controllers\Employee">
          <metrics complexity="6" methods="3" coveredmethods="0" conditionals="0" coveredconditionals="0" statements="16" coveredstatements="0" elements="19" coveredelements="0"/>
        </class>
        <line num="14" type="method" name="index" visibility="public" complexity="1" crap="2" count="0"/>
        <line num="16" type="stmt" count="0"/>
        <line num="17" type="stmt" count="0"/>
        <line num="18" type="stmt" count="0"/>
        <line num="19" type="stmt" count="0"/>
        <line num="20" type="stmt" count="0"/>
        <line num="22" type="stmt" count="0"/>
        <line num="28" type="method" name="show" visibility="public" complexity="2" crap="6" count="0"/>
        <line num="31" type="stmt" count="0"/>
        <line num="32" type="stmt" count="0"/>
        <line num="35" type="stmt" count="0"/>
        <line num="37" type="stmt" count="0"/>
        <line num="43" type="method" name="cancel" visibility="public" complexity="3" crap="12" count="0"/>
        <line num="46" type="stmt" count="0"/>
        <line num="47" type="stmt" count="0"/>
        <line num="51" type="stmt" count="0"/>
        <line num="52" type="stmt" count="0"/>
        <line num="53" type="stmt" count="0"/>
        <line num="56" type="stmt" count="0"/>
        <metrics loc="58" ncloc="46" classes="1" methods="3" coveredmethods="0" conditionals="0" coveredconditionals="0" statements="16" coveredstatements="0" elements="19" coveredelements="0"/>
      </file>
      <file name="C:\Users\DELL\OneDrive\Documents\Semestre 3\Développement web\Projet\backend\Mon_miam_miam\app\Http\Controllers\Employee\CommandeEmployeeController.php">
        <class name="App\Http\Controllers\Employee\CommandeEmployeeController" namespace="App\Http\Controllers\Employee">
          <metrics complexity="7" methods="6" coveredmethods="0" conditionals="0" coveredconditionals="0" statements="60" coveredstatements="0" elements="66" coveredelements="0"/>
        </class>
        <line num="14" type="method" name="index" visibility="public" complexity="2" crap="6" count="0"/>
        <line num="16" type="stmt" count="0"/>
        <line num="18" type="stmt" count="0"/>
        <line num="19" type="stmt" count="0"/>
        <line num="22" type="stmt" count="0"/>
        <line num="23" type="stmt" count="0"/>
        <line num="26" type="stmt" count="0"/>
        <line num="29" type="stmt" count="0"/>
        <line num="30" type="stmt" count="0"/>
        <line num="31" type="stmt" count="0"/>
        <line num="32" type="stmt" count="0"/>
        <line num="34" type="stmt" count="0"/>
        <line num="35" type="stmt" count="0"/>
        <line num="36" type="stmt" count="0"/>
        <line num="37" type="stmt" count="0"/>
        <line num="38" type="stmt" count="0"/>
        <line num="39" type="stmt" count="0"/>
        <line num="40" type="stmt" count="0"/>
        <line num="41" type="stmt" count="0"/>
        <line num="47" type="method" name="show" visibility="public" complexity="1" crap="2" count="0"/>
        <line num="49" type="stmt" count="0"/>
        <line num="50" type="stmt" count="0"/>
        <line num="56" type="method" name="updateStatus" visibility="public" complexity="1" crap="2" count="0"/>
        <line num="58" type="stmt" count="0"/>
        <line num="59" type="stmt" count="0"/>
        <line num="60" type="stmt" count="0"/>
        <line num="62" type="stmt" count="0"/>
        <line num="63" type="stmt" count="0"/>
        <line num="64" type="stmt" count="0"/>
        <line num="66" type="stmt" count="0"/>
        <line num="67" type="stmt" count="0"/>
        <line num="68" type="stmt" count="0"/>
        <line num="69" type="stmt" count="0"/>
        <line num="75" type="method" name="addNote" visibility="public" complexity="1" crap="2" count="0"/>
        <line num="77" type="stmt" count="0"/>
        <line num="78" type="stmt" count="0"/>
        <line num="79" type="stmt" count="0"/>
        <line num="81" type="stmt" count="0"/>
        <line num="82" type="stmt" count="0"/>
        <line num="84" type="stmt" count="0"/>
        <line num="85" type="stmt" count="0"/>
        <line num="86" type="stmt" count="0"/>
        <line num="88" type="stmt" count="0"/>
        <line num="89" type="stmt" count="0"/>
        <line num="90" type="stmt" count="0"/>
        <line num="91" type="stmt" count="0"/>
        <line num="97" type="method" name="cancel" visibility="public" complexity="1" crap="2" count="0"/>
        <line num="99" type="stmt" count="0"/>
        <line num="101" type="stmt" count="0"/>
        <line num="107" type="method" name="refresh" visibility="public" complexity="1" crap="2" count="0"/>
        <line num="109" type="stmt" count="0"/>
        <line num="111" type="stmt" count="0"/>
        <line num="112" type="stmt" count="0"/>
        <line num="113" type="stmt" count="0"/>
        <line num="114" type="stmt" count="0"/>
        <line num="115" type="stmt" count="0"/>
        <line num="116" type="stmt" count="0"/>
        <line num="118" type="stmt" count="0"/>
        <line num="119" type="stmt" count="0"/>
        <line num="120" type="stmt" count="0"/>
        <line num="121" type="stmt" count="0"/>
        <line num="122" type="stmt" count="0"/>
        <line num="123" type="stmt" count="0"/>
        <line num="124" type="stmt" count="0"/>
        <line num="125" type="stmt" count="0"/>
        <line num="126" type="stmt" count="0"/>
        <metrics loc="128" ncloc="108" classes="1" methods="6" coveredmethods="0" conditionals="0" coveredconditionals="0" statements="60" coveredstatements="0" elements="66" coveredelements="0"/>
      </file>
      <file name="C:\Users\DELL\OneDrive\Documents\Semestre 3\Développement web\Projet\backend\Mon_miam_miam\app\Http\Controllers\Employee\EmployeeController.php">
        <class name="App\Http\Controllers\Employee\EmployeeController" namespace="App\Http\Controllers\Employee">
          <metrics complexity="88" methods="14" coveredmethods="0" conditionals="0" coveredconditionals="0" statements="291" coveredstatements="0" elements="305" coveredelements="0"/>
        </class>
        <line num="14" type="method" name="dashboard" visibility="public" complexity="5" crap="30" count="0"/>
        <line num="16" type="stmt" count="0"/>
        <line num="19" type="stmt" count="0"/>
        <line num="20" type="stmt" count="0"/>
        <line num="21" type="stmt" count="0"/>
        <line num="22" type="stmt" count="0"/>
        <line num="23" type="stmt" count="0"/>
        <line num="24" type="stmt" count="0"/>
        <line num="27" type="stmt" count="0"/>
        <line num="28" type="stmt" count="0"/>
        <line num="29" type="stmt" count="0"/>
        <line num="30" type="stmt" count="0"/>
        <line num="31" type="stmt" count="0"/>
        <line num="32" type="stmt" count="0"/>
        <line num="35" type="stmt" count="0"/>
        <line num="36" type="stmt" count="0"/>
        <line num="37" type="stmt" count="0"/>
        <line num="38" type="stmt" count="0"/>
        <line num="39" type="stmt" count="0"/>
        <line num="40" type="stmt" count="0"/>
        <line num="41" type="stmt" count="0"/>
        <line num="42" type="stmt" count="0"/>
        <line num="43" type="stmt" count="0"/>
        <line num="44" type="stmt" count="0"/>
        <line num="45" type="stmt" count="0"/>
        <line num="46" type="stmt" count="0"/>
        <line num="47" type="stmt" count="0"/>
        <line num="48" type="stmt" count="0"/>
        <line num="49" type="stmt" count="0"/>
        <line num="52" type="stmt" count="0"/>
        <line num="54" type="stmt" count="0"/>
        <line num="55" type="stmt" count="0"/>
        <line num="56" type="stmt" count="0"/>
        <line num="57" type="stmt" count="0"/>
        <line num="58" type="stmt" count="0"/>
        <line num="59" type="stmt" count="0"/>
        <line num="60" type="stmt" count="0"/>
        <line num="61" type="stmt" count="0"/>
        <line num="62" type="stmt" count="0"/>
        <line num="65" type="method" name="commandes" visibility="public" complexity="2" crap="6" count="0"/>
        <line num="67" type="stmt" count="0"/>
        <line num="69" type="stmt" count="0"/>
        <line num="71" type="stmt" count="0"/>
        <line num="72" type="stmt" count="0"/>
        <line num="75" type="stmt" count="0"/>
        <line num="77" type="stmt" count="0"/>
        <line num="80" type="method" name="updateStatut" visibility="public" complexity="3" crap="12" count="0"/>
        <line num="82" type="stmt" count="0"/>
        <line num="83" type="stmt" count="0"/>
        <line num="84" type="stmt" count="0"/>
        <line num="86" type="stmt" count="0"/>
        <line num="87" type="stmt" count="0"/>
        <line num="90" type="stmt" count="0"/>
        <line num="91" type="stmt" count="0"/>
        <line num="92" type="stmt" count="0"/>
        <line num="93" type="stmt" count="0"/>
        <line num="96" type="stmt" count="0"/>
        <line num="101" type="stmt" count="0"/>
        <line num="102" type="stmt" count="0"/>
        <line num="103" type="stmt" count="0"/>
        <line num="104" type="stmt" count="0"/>
        <line num="105" type="stmt" count="0"/>
        <line num="108" type="method" name="getStatistiquesGraphique" visibility="private" complexity="9" crap="90" count="0"/>
        <line num="110" type="stmt" count="0"/>
        <line num="111" type="stmt" count="0"/>
        <line num="112" type="stmt" count="0"/>
        <line num="113" type="stmt" count="0"/>
        <line num="114" type="stmt" count="0"/>
        <line num="115" type="stmt" count="0"/>
        <line num="117" type="stmt" count="0"/>
        <line num="118" type="stmt" count="0"/>
        <line num="119" type="stmt" count="0"/>
        <line num="120" type="stmt" count="0"/>
        <line num="121" type="stmt" count="0"/>
        <line num="122" type="stmt" count="0"/>
        <line num="124" type="stmt" count="0"/>
        <line num="125" type="stmt" count="0"/>
        <line num="126" type="stmt" count="0"/>
        <line num="127" type="stmt" count="0"/>
        <line num="128" type="stmt" count="0"/>
        <line num="129" type="stmt" count="0"/>
        <line num="130" type="stmt" count="0"/>
        <line num="131" type="stmt" count="0"/>
        <line num="133" type="stmt" count="0"/>
        <line num="134" type="stmt" count="0"/>
        <line num="135" type="stmt" count="0"/>
        <line num="136" type="stmt" count="0"/>
        <line num="137" type="stmt" count="0"/>
        <line num="138" type="stmt" count="0"/>
        <line num="139" type="stmt" count="0"/>
        <line num="140" type="stmt" count="0"/>
        <line num="141" type="stmt" count="0"/>
        <line num="143" type="stmt" count="0"/>
        <line num="144" type="stmt" count="0"/>
        <line num="145" type="stmt" count="0"/>
        <line num="146" type="stmt" count="0"/>
        <line num="147" type="stmt" count="0"/>
        <line num="150" type="method" name="getTypeActivite" visibility="private" complexity="8" crap="72" count="0"/>
        <line num="152" type="stmt" count="0"/>
        <line num="153" type="stmt" count="0"/>
        <line num="154" type="stmt" count="0"/>
        <line num="155" type="stmt" count="0"/>
        <line num="156" type="stmt" count="0"/>
        <line num="157" type="stmt" count="0"/>
        <line num="158" type="stmt" count="0"/>
        <line num="159" type="stmt" count="0"/>
        <line num="160" type="stmt" count="0"/>
        <line num="163" type="method" name="getIconeStatut" visibility="private" complexity="8" crap="72" count="0"/>
        <line num="165" type="stmt" count="0"/>
        <line num="166" type="stmt" count="0"/>
        <line num="167" type="stmt" count="0"/>
        <line num="168" type="stmt" count="0"/>
        <line num="169" type="stmt" count="0"/>
        <line num="170" type="stmt" count="0"/>
        <line num="171" type="stmt" count="0"/>
        <line num="172" type="stmt" count="0"/>
        <line num="173" type="stmt" count="0"/>
        <line num="176" type="method" name="getCouleurStatut" visibility="private" complexity="8" crap="72" count="0"/>
        <line num="178" type="stmt" count="0"/>
        <line num="179" type="stmt" count="0"/>
        <line num="180" type="stmt" count="0"/>
        <line num="181" type="stmt" count="0"/>
        <line num="182" type="stmt" count="0"/>
        <line num="183" type="stmt" count="0"/>
        <line num="184" type="stmt" count="0"/>
        <line num="185" type="stmt" count="0"/>
        <line num="186" type="stmt" count="0"/>
        <line num="189" type="method" name="reclamations" visibility="public" complexity="3" crap="12" count="0"/>
        <line num="191" type="stmt" count="0"/>
        <line num="192" type="stmt" count="0"/>
        <line num="194" type="stmt" count="0"/>
        <line num="197" type="stmt" count="0"/>
        <line num="198" type="stmt" count="0"/>
        <line num="202" type="stmt" count="0"/>
        <line num="203" type="stmt" count="0"/>
        <line num="204" type="stmt" count="0"/>
        <line num="205" type="stmt" count="0"/>
        <line num="206" type="stmt" count="0"/>
        <line num="207" type="stmt" count="0"/>
        <line num="208" type="stmt" count="0"/>
        <line num="209" type="stmt" count="0"/>
        <line num="212" type="stmt" count="0"/>
        <line num="215" type="stmt" count="0"/>
        <line num="216" type="stmt" count="0"/>
        <line num="217" type="stmt" count="0"/>
        <line num="218" type="stmt" count="0"/>
        <line num="219" type="stmt" count="0"/>
        <line num="220" type="stmt" count="0"/>
        <line num="222" type="stmt" count="0"/>
        <line num="224" type="method" name="updateStatutReclamation" visibility="public" complexity="1" crap="2" count="0"/>
        <line num="226" type="stmt" count="0"/>
        <line num="227" type="stmt" count="0"/>
        <line num="228" type="stmt" count="0"/>
        <line num="230" type="stmt" count="0"/>
        <line num="231" type="stmt" count="0"/>
        <line num="233" type="stmt" count="0"/>
        <line num="234" type="stmt" count="0"/>
        <line num="235" type="stmt" count="0"/>
        <line num="236" type="stmt" count="0"/>
        <line num="237" type="stmt" count="0"/>
        <line num="243" type="method" name="statistiques" visibility="public" complexity="6" crap="42" count="0"/>
        <line num="245" type="stmt" count="0"/>
        <line num="248" type="stmt" count="0"/>
        <line num="249" type="stmt" count="0"/>
        <line num="250" type="stmt" count="0"/>
        <line num="251" type="stmt" count="0"/>
        <line num="252" type="stmt" count="0"/>
        <line num="253" type="stmt" count="0"/>
        <line num="254" type="stmt" count="0"/>
        <line num="257" type="stmt" count="0"/>
        <line num="258" type="stmt" count="0"/>
        <line num="259" type="stmt" count="0"/>
        <line num="264" type="stmt" count="0"/>
        <line num="265" type="stmt" count="0"/>
        <line num="266" type="stmt" count="0"/>
        <line num="269" type="stmt" count="0"/>
        <line num="272" type="stmt" count="0"/>
        <line num="275" type="stmt" count="0"/>
        <line num="277" type="stmt" count="0"/>
        <line num="278" type="stmt" count="0"/>
        <line num="279" type="stmt" count="0"/>
        <line num="280" type="stmt" count="0"/>
        <line num="281" type="stmt" count="0"/>
        <line num="282" type="stmt" count="0"/>
        <line num="283" type="stmt" count="0"/>
        <line num="284" type="stmt" count="0"/>
        <line num="287" type="method" name="getEvolutionVentes" visibility="private" complexity="15" crap="240" count="0"/>
        <line num="289" type="stmt" count="0"/>
        <line num="290" type="stmt" count="0"/>
        <line num="291" type="stmt" count="0"/>
        <line num="292" type="stmt" count="0"/>
        <line num="293" type="stmt" count="0"/>
        <line num="294" type="stmt" count="0"/>
        <line num="295" type="stmt" count="0"/>
        <line num="297" type="stmt" count="0"/>
        <line num="298" type="stmt" count="0"/>
        <line num="299" type="stmt" count="0"/>
        <line num="300" type="stmt" count="0"/>
        <line num="301" type="stmt" count="0"/>
        <line num="302" type="stmt" count="0"/>
        <line num="303" type="stmt" count="0"/>
        <line num="305" type="stmt" count="0"/>
        <line num="306" type="stmt" count="0"/>
        <line num="307" type="stmt" count="0"/>
        <line num="308" type="stmt" count="0"/>
        <line num="309" type="stmt" count="0"/>
        <line num="310" type="stmt" count="0"/>
        <line num="311" type="stmt" count="0"/>
        <line num="312" type="stmt" count="0"/>
        <line num="313" type="stmt" count="0"/>
        <line num="316" type="stmt" count="0"/>
        <line num="317" type="stmt" count="0"/>
        <line num="318" type="stmt" count="0"/>
        <line num="319" type="stmt" count="0"/>
        <line num="322" type="stmt" count="0"/>
        <line num="323" type="stmt" count="0"/>
        <line num="324" type="stmt" count="0"/>
        <line num="325" type="stmt" count="0"/>
        <line num="328" type="method" name="getCommandesParJour" visibility="private" complexity="3" crap="12" count="0"/>
        <line num="331" type="stmt" count="0"/>
        <line num="333" type="stmt" count="0"/>
        <line num="334" type="stmt" count="0"/>
        <line num="335" type="stmt" count="0"/>
        <line num="336" type="stmt" count="0"/>
        <line num="337" type="stmt" count="0"/>
        <line num="338" type="stmt" count="0"/>
        <line num="339" type="stmt" count="0"/>
        <line num="340" type="stmt" count="0"/>
        <line num="341" type="stmt" count="0"/>
        <line num="343" type="stmt" count="0"/>
        <line num="344" type="stmt" count="0"/>
        <line num="345" type="stmt" count="0"/>
        <line num="349" type="stmt" count="0"/>
        <line num="350" type="stmt" count="0"/>
        <line num="351" type="stmt" count="0"/>
        <line num="352" type="stmt" count="0"/>
        <line num="353" type="stmt" count="0"/>
        <line num="354" type="stmt" count="0"/>
        <line num="355" type="stmt" count="0"/>
        <line num="356" type="stmt" count="0"/>
        <line num="357" type="stmt" count="0"/>
        <line num="359" type="stmt" count="0"/>
        <line num="360" type="stmt" count="0"/>
        <line num="361" type="stmt" count="0"/>
        <line num="362" type="stmt" count="0"/>
        <line num="364" type="method" name="getTopPlats" visibility="private" complexity="11" crap="132" count="0"/>
        <line num="367" type="stmt" count="0"/>
        <line num="368" type="stmt" count="0"/>
        <line num="369" type="stmt" count="0"/>
        <line num="371" type="stmt" count="0"/>
        <line num="373" type="stmt" count="0"/>
        <line num="375" type="stmt" count="0"/>
        <line num="376" type="stmt" count="0"/>
        <line num="380" type="stmt" count="0"/>
        <line num="381" type="stmt" count="0"/>
        <line num="382" type="stmt" count="0"/>
        <line num="385" type="stmt" count="0"/>
        <line num="386" type="stmt" count="0"/>
        <line num="389" type="stmt" count="0"/>
        <line num="391" type="stmt" count="0"/>
        <line num="392" type="stmt" count="0"/>
        <line num="395" type="stmt" count="0"/>
        <line num="396" type="stmt" count="0"/>
        <line num="397" type="stmt" count="0"/>
        <line num="399" type="stmt" count="0"/>
        <line num="400" type="stmt" count="0"/>
        <line num="401" type="stmt" count="0"/>
        <line num="402" type="stmt" count="0"/>
        <line num="403" type="stmt" count="0"/>
        <line num="404" type="stmt" count="0"/>
        <line num="405" type="stmt" count="0"/>
        <line num="408" type="stmt" count="0"/>
        <line num="409" type="stmt" count="0"/>
        <line num="414" type="stmt" count="0"/>
        <line num="415" type="stmt" count="0"/>
        <line num="419" type="stmt" count="0"/>
        <line num="420" type="stmt" count="0"/>
        <line num="421" type="stmt" count="0"/>
        <line num="423" type="stmt" count="0"/>
        <line num="426" type="method" name="exportStatistiques" visibility="public" complexity="6" crap="42" count="0"/>
        <line num="428" type="stmt" count="0"/>
        <line num="430" type="stmt" count="0"/>
        <line num="431" type="stmt" count="0"/>
        <line num="432" type="stmt" count="0"/>
        <line num="433" type="stmt" count="0"/>
        <line num="434" type="stmt" count="0"/>
        <line num="435" type="stmt" count="0"/>
        <line num="436" type="stmt" count="0"/>
        <line num="438" type="stmt" count="0"/>
        <line num="439" type="stmt" count="0"/>
        <line num="440" type="stmt" count="0"/>
        <line num="442" type="stmt" count="0"/>
        <line num="443" type="stmt" count="0"/>
        <line num="444" type="stmt" count="0"/>
        <line num="446" type="stmt" count="0"/>
        <line num="448" type="stmt" count="0"/>
        <line num="449" type="stmt" count="0"/>
        <line num="450" type="stmt" count="0"/>
        <line num="451" type="stmt" count="0"/>
        <line num="452" type="stmt" count="0"/>
        <line num="453" type="stmt" count="0"/>
        <line num="454" type="stmt" count="0"/>
        <line num="456" type="stmt" count="0"/>
        <line num="457" type="stmt" count="0"/>
        <line num="458" type="stmt" count="0"/>
        <metrics loc="460" ncloc="418" classes="1" methods="14" coveredmethods="0" conditionals="0" coveredconditionals="0" statements="291" coveredstatements="0" elements="305" coveredelements="0"/>
      </file>
      <file name="C:\Users\DELL\OneDrive\Documents\Semestre 3\Développement web\Projet\backend\Mon_miam_miam\app\Http\Controllers\Employee\MenuController.php">
        <class name="App\Http\Controllers\Employee\MenuController" namespace="App\Http\Controllers\Employee">
          <metrics complexity="9" methods="7" coveredmethods="0" conditionals="0" coveredconditionals="0" statements="41" coveredstatements="0" elements="48" coveredelements="0"/>
        </class>
        <line num="14" type="method" name="index" visibility="public" complexity="1" crap="2" count="0"/>
        <line num="16" type="stmt" count="0"/>
        <line num="19" type="stmt" count="0"/>
        <line num="20" type="stmt" count="0"/>
        <line num="21" type="stmt" count="0"/>
        <line num="23" type="stmt" count="0"/>
        <line num="29" type="method" name="create" visibility="public" complexity="1" crap="2" count="0"/>
        <line num="31" type="stmt" count="0"/>
        <line num="37" type="method" name="store" visibility="public" complexity="2" crap="6" count="0"/>
        <line num="39" type="stmt" count="0"/>
        <line num="40" type="stmt" count="0"/>
        <line num="41" type="stmt" count="0"/>
        <line num="42" type="stmt" count="0"/>
        <line num="43" type="stmt" count="0"/>
        <line num="44" type="stmt" count="0"/>
        <line num="45" type="stmt" count="0"/>
        <line num="46" type="stmt" count="0"/>
        <line num="48" type="stmt" count="0"/>
        <line num="50" type="stmt" count="0"/>
        <line num="52" type="stmt" count="0"/>
        <line num="53" type="stmt" count="0"/>
        <line num="59" type="method" name="edit" visibility="public" complexity="1" crap="2" count="0"/>
        <line num="61" type="stmt" count="0"/>
        <line num="67" type="method" name="update" visibility="public" complexity="2" crap="6" count="0"/>
        <line num="69" type="stmt" count="0"/>
        <line num="70" type="stmt" count="0"/>
        <line num="71" type="stmt" count="0"/>
        <line num="72" type="stmt" count="0"/>
        <line num="73" type="stmt" count="0"/>
        <line num="74" type="stmt" count="0"/>
        <line num="75" type="stmt" count="0"/>
        <line num="76" type="stmt" count="0"/>
        <line num="78" type="stmt" count="0"/>
        <line num="80" type="stmt" count="0"/>
        <line num="82" type="stmt" count="0"/>
        <line num="83" type="stmt" count="0"/>
        <line num="89" type="method" name="toggleAvailability" visibility="public" complexity="1" crap="2" count="0"/>
        <line num="91" type="stmt" count="0"/>
        <line num="92" type="stmt" count="0"/>
        <line num="93" type="stmt" count="0"/>
        <line num="95" type="stmt" count="0"/>
        <line num="96" type="stmt" count="0"/>
        <line num="97" type="stmt" count="0"/>
        <line num="98" type="stmt" count="0"/>
        <line num="104" type="method" name="destroy" visibility="public" complexity="1" crap="2" count="0"/>
        <line num="106" type="stmt" count="0"/>
        <line num="108" type="stmt" count="0"/>
        <line num="109" type="stmt" count="0"/>
        <metrics loc="111" ncloc="89" classes="1" methods="7" coveredmethods="0" conditionals="0" coveredconditionals="0" statements="41" coveredstatements="0" elements="48" coveredelements="0"/>
      </file>
    </package>
    <package name="App\Http\Controllers">
      <file name="C:\Users\DELL\OneDrive\Documents\Semestre 3\Développement web\Projet\backend\Mon_miam_miam\app\Http\Controllers\Controller.php">
        <class name="App\Http\Controllers\Controller" namespace="App\Http\Controllers">
          <metrics complexity="0" methods="0" coveredmethods="0" conditionals="0" coveredconditionals="0" statements="0" coveredstatements="0" elements="0" coveredelements="0"/>
        </class>
        <metrics loc="9" ncloc="8" classes="0" methods="0" coveredmethods="0" conditionals="0" coveredconditionals="0" statements="0" coveredstatements="0" elements="0" coveredelements="0"/>
      </file>
      <file name="C:\Users\DELL\OneDrive\Documents\Semestre 3\Développement web\Projet\backend\Mon_miam_miam\app\Http\Controllers\DashboardController.php">
        <class name="App\Http\Controllers\DashboardController" namespace="App\Http\Controllers">
          <metrics complexity="2" methods="1" coveredmethods="0" conditionals="0" coveredconditionals="0" statements="16" coveredstatements="0" elements="17" coveredelements="0"/>
        </class>
        <line num="10" type="method" name="index" visibility="public" complexity="2" crap="6" count="0"/>
        <line num="12" type="stmt" count="0"/>
        <line num="15" type="stmt" count="0"/>
        <line num="16" type="stmt" count="0"/>
        <line num="18" type="stmt" count="0"/>
        <line num="19" type="stmt" count="0"/>
        <line num="20" type="stmt" count="0"/>
        <line num="21" type="stmt" count="0"/>
        <line num="23" type="stmt" count="0"/>
        <line num="24" type="stmt" count="0"/>
        <line num="25" type="stmt" count="0"/>
        <line num="28" type="stmt" count="0"/>
        <line num="29" type="stmt" count="0"/>
        <line num="30" type="stmt" count="0"/>
        <line num="31" type="stmt" count="0"/>
        <line num="32" type="stmt" count="0"/>
        <line num="36" type="stmt" count="0"/>
        <metrics loc="39" ncloc="37" classes="1" methods="1" coveredmethods="0" conditionals="0" coveredconditionals="0" statements="16" coveredstatements="0" elements="17" coveredelements="0"/>
      </file>
      <file name="C:\Users\DELL\OneDrive\Documents\Semestre 3\Développement web\Projet\backend\Mon_miam_miam\app\Http\Controllers\EmployeeDashboardRealtime.php">
        <class name="App\Http\Controllers\EmployeeDashboardRealtime" namespace="App\Http\Controllers">
          <metrics complexity="0" methods="0" coveredmethods="0" conditionals="0" coveredconditionals="0" statements="0" coveredstatements="0" elements="0" coveredelements="0"/>
        </class>
        <metrics loc="11" ncloc="10" classes="0" methods="0" coveredmethods="0" conditionals="0" coveredconditionals="0" statements="0" coveredstatements="0" elements="0" coveredelements="0"/>
      </file>
      <file name="C:\Users\DELL\OneDrive\Documents\Semestre 3\Développement web\Projet\backend\Mon_miam_miam\app\Http\Controllers\Employee\EmployeeDashboardController.php">
        <class name="App\Http\Controllers\EmployeeDashboardController" namespace="App\Http\Controllers">
          <metrics complexity="4" methods="4" coveredmethods="0" conditionals="0" coveredconditionals="0" statements="4" coveredstatements="0" elements="8" coveredelements="0"/>
        </class>
        <line num="38" type="method" name="index" visibility="public" complexity="1" crap="2" count="0"/>
        <line num="40" type="stmt" count="0"/>
        <line num="43" type="method" name="orders" visibility="public" complexity="1" crap="2" count="0"/>
        <line num="46" type="stmt" count="0"/>
        <line num="49" type="method" name="statistics" visibility="public" complexity="1" crap="2" count="0"/>
        <line num="52" type="stmt" count="0"/>
        <line num="55" type="method" name="complaints" visibility="public" complexity="1" crap="2" count="0"/>
        <line num="58" type="stmt" count="0"/>
[...]
        <line num="33" type="method" name="orderItems" visibility="public" complexity="1" crap="2" count="0"/>
        <line num="35" type="stmt" count="0"/>
        <line num="40" type="method" name="commandeItems" visibility="public" complexity="1" crap="2" count="0"/>
        <line num="42" type="stmt" count="0"/>
        <line num="48" type="method" name="getTotalVendusAttribute" visibility="public" complexity="1" crap="2" count="0"/>
        <line num="50" type="stmt" count="0"/>
        <line num="51" type="stmt" count="0"/>
        <line num="52" type="stmt" count="0"/>
        <line num="53" type="stmt" count="0"/>
        <line num="54" type="stmt" count="0"/>
        <line num="60" type="method" name="getRevenuTotalAttribute" visibility="public" complexity="1" crap="2" count="0"/>
        <line num="62" type="stmt" count="0"/>
        <line num="63" type="stmt" count="0"/>
        <line num="64" type="stmt" count="0"/>
        <line num="65" type="stmt" count="0"/>
        <line num="66" type="stmt" count="0"/>
        <line num="67" type="stmt" count="0"/>
        <line num="73" type="method" name="scopeDisponible" visibility="public" complexity="1" crap="2" count="0"/>
        <line num="75" type="stmt" count="0"/>
        <line num="81" type="method" name="scopeParCategorie" visibility="public" complexity="1" crap="2" count="0"/>
        <line num="83" type="stmt" count="0"/>
        <metrics loc="87" ncloc="70" classes="1" methods="7" coveredmethods="0" conditionals="0" coveredconditionals="0" statements="16" coveredstatements="0" elements="23" coveredelements="0"/>
      </file>
      <file name="C:\Users\DELL\OneDrive\Documents\Semestre 3\Développement web\Projet\backend\Mon_miam_miam\app\Models\Promotion.php">
        <class name="App\Models\Promotion" namespace="App\Models">
          <metrics complexity="8" methods="2" coveredmethods="0" conditionals="0" coveredconditionals="0" statements="10" coveredstatements="0" elements="12" coveredelements="0"/>
        </class>
        <line num="38" type="method" name="isValid" visibility="public" complexity="5" crap="30" count="0"/>
        <line num="40" type="stmt" count="0"/>
        <line num="41" type="stmt" count="0"/>
        <line num="42" type="stmt" count="0"/>
        <line num="43" type="stmt" count="0"/>
        <line num="44" type="stmt" count="0"/>
        <line num="50" type="method" name="getDiscountText" visibility="public" complexity="3" crap="12" count="0"/>
        <line num="52" type="stmt" count="0"/>
        <line num="53" type="stmt" count="0"/>
        <line num="54" type="stmt" count="0"/>
        <line num="55" type="stmt" count="0"/>
        <line num="57" type="stmt" count="0"/>
        <metrics loc="60" ncloc="54" classes="1" methods="2" coveredmethods="0" conditionals="0" coveredconditionals="0" statements="10" coveredstatements="0" elements="12" coveredelements="0"/>
      </file>
      <file name="C:\Users\DELL\OneDrive\Documents\Semestre 3\Développement web\Projet\backend\Mon_miam_miam\app\Models\Reclamation.php">
        <class name="App\Models\Reclamation" namespace="App\Models">
          <metrics complexity="11" methods="6" coveredmethods="0" conditionals="0" coveredconditionals="0" statements="12" coveredstatements="0" elements="18" coveredelements="0"/>
        </class>
        <line num="28" type="method" name="commande" visibility="public" complexity="1" crap="2" count="0"/>
        <line num="30" type="stmt" count="0"/>
        <line num="36" type="method" name="scopeNonTraitees" visibility="public" complexity="1" crap="2" count="0"/>
        <line num="38" type="stmt" count="0"/>
        <line num="41" type="method" name="scopeEnCours" visibility="public" complexity="1" crap="2" count="0"/>
        <line num="43" type="stmt" count="0"/>
        <line num="46" type="method" name="scopeResolues" visibility="public" complexity="1" crap="2" count="0"/>
        <line num="48" type="stmt" count="0"/>
        <line num="54" type="method" name="getStatutDisplayAttribute" visibility="public" complexity="6" crap="42" count="0"/>
        <line num="56" type="stmt" count="0"/>
        <line num="57" type="stmt" count="0"/>
        <line num="58" type="stmt" count="0"/>
        <line num="59" type="stmt" count="0"/>
        <line num="60" type="stmt" count="0"/>
        <line num="61" type="stmt" count="0"/>
        <line num="62" type="stmt" count="0"/>
        <line num="65" type="method" name="getTypeProblemAttribute" visibility="public" complexity="1" crap="2" count="0"/>
        <line num="67" type="stmt" count="0"/>
        <metrics loc="69" ncloc="60" classes="1" methods="6" coveredmethods="0" conditionals="0" coveredconditionals="0" statements="12" coveredstatements="0" elements="18" coveredelements="0"/>
      </file>
      <file name="C:\Users\DELL\OneDrive\Documents\Semestre 3\Développement web\Projet\backend\Mon_miam_miam\app\Models\Referral.php">
        <class name="App\Models\Referral" namespace="App\Models">
          <metrics complexity="8" methods="8" coveredmethods="0" conditionals="0" coveredconditionals="0" statements="15" coveredstatements="0" elements="23" coveredelements="0"/>
        </class>
        <line num="22" type="method" name="referrer" visibility="public" complexity="1" crap="2" count="0"/>
        <line num="24" type="stmt" count="0"/>
        <line num="27" type="method" name="referred" visibility="public" complexity="1" crap="2" count="0"/>
        <line num="29" type="stmt" count="0"/>
        <line num="34" type="method" name="sponsor" visibility="public" complexity="1" crap="2" count="0"/>
        <line num="36" type="stmt" count="0"/>
        <line num="39" type="method" name="referee" visibility="public" complexity="1" crap="2" count="0"/>
        <line num="41" type="stmt" count="0"/>
        <line num="44" type="method" name="restaurant" visibility="public" complexity="1" crap="2" count="0"/>
        <line num="46" type="stmt" count="0"/>
        <line num="49" type="method" name="firstOrder" visibility="public" complexity="1" crap="2" count="0"/>
        <line num="51" type="stmt" count="0"/>
        <line num="55" type="method" name="generateReferralCode" visibility="public" complexity="1" crap="2" count="0"/>
        <line num="58" type="stmt" count="0"/>
        <line num="59" type="stmt" count="0"/>
        <line num="61" type="stmt" count="0"/>
        <line num="65" type="method" name="validate" visibility="public" complexity="1" crap="2" count="0"/>
        <line num="67" type="stmt" count="0"/>
        <line num="68" type="stmt" count="0"/>
        <line num="69" type="stmt" count="0"/>
        <line num="70" type="stmt" count="0"/>
        <line num="71" type="stmt" count="0"/>
        <line num="72" type="stmt" count="0"/>
        <metrics loc="76" ncloc="74" classes="1" methods="8" coveredmethods="0" conditionals="0" coveredconditionals="0" statements="15" coveredstatements="0" elements="23" coveredelements="0"/>
      </file>
      <file name="C:\Users\DELL\OneDrive\Documents\Semestre 3\Développement web\Projet\backend\Mon_miam_miam\app\Models\RestaurantSetting.php">
        <class name="App\Models\RestaurantSetting" namespace="App\Models">
          <metrics complexity="3" methods="3" coveredmethods="0" conditionals="0" coveredconditionals="0" statements="11" coveredstatements="0" elements="14" coveredelements="0"/>
        </class>
        <line num="50" type="method" name="restaurant" visibility="public" complexity="1" crap="2" count="0"/>
        <line num="52" type="stmt" count="0"/>
        <line num="56" type="method" name="getOpeningHoursForDay" visibility="public" complexity="1" crap="2" count="0"/>
        <line num="58" type="stmt" count="0"/>
        <line num="62" type="method" name="getDefaultOpeningHours" visibility="public" complexity="1" crap="2" count="0"/>
        <line num="64" type="stmt" count="0"/>
        <line num="65" type="stmt" count="0"/>
        <line num="66" type="stmt" count="0"/>
        <line num="67" type="stmt" count="0"/>
        <line num="68" type="stmt" count="0"/>
        <line num="69" type="stmt" count="0"/>
        <line num="70" type="stmt" count="0"/>
        <line num="71" type="stmt" count="0"/>
        <line num="72" type="stmt" count="0"/>
        <metrics loc="75" ncloc="73" classes="1" methods="3" coveredmethods="0" conditionals="0" coveredconditionals="0" statements="11" coveredstatements="0" elements="14" coveredelements="0"/>
      </file>
      <file name="C:\Users\DELL\OneDrive\Documents\Semestre 3\Développement web\Projet\backend\Mon_miam_miam\app\Models\Reward.php">
        <class name="App\Models\Reward" namespace="App\Models">
          <metrics complexity="0" methods="0" coveredmethods="0" conditionals="0" coveredconditionals="0" statements="0" coveredstatements="0" elements="0" coveredelements="0"/>
        </class>
        <metrics loc="11" ncloc="10" classes="0" methods="0" coveredmethods="0" conditionals="0" coveredconditionals="0" statements="0" coveredstatements="0" elements="0" coveredelements="0"/>
      </file>
      <file name="C:\Users\DELL\OneDrive\Documents\Semestre 3\Développement web\Projet\backend\Mon_miam_miam\app\Models\User.php">
        <class name="App\Models\User" namespace="App\Models">
          <metrics complexity="17" methods="15" coveredmethods="0" conditionals="0" coveredconditionals="0" statements="36" coveredstatements="0" elements="51" coveredelements="0"/>
        </class>
        <line num="53" type="method" name="casts" visibility="protected" complexity="1" crap="2" count="0"/>
        <line num="55" type="stmt" count="0"/>
        <line num="56" type="stmt" count="0"/>
        <line num="57" type="stmt" count="0"/>
        <line num="58" type="stmt" count="0"/>
        <line num="59" type="stmt" count="0"/>
        <line num="62" type="method" name="isStudent" visibility="public" complexity="1" crap="2" count="0"/>
        <line num="64" type="stmt" count="0"/>
        <line num="67" type="method" name="isEmployee" visibility="public" complexity="1" crap="2" count="0"/>
        <line num="69" type="stmt" count="0"/>
        <line num="72" type="method" name="isManager" visibility="public" complexity="1" crap="2" count="0"/>
        <line num="74" type="stmt" count="0"/>
        <line num="77" type="method" name="isAdmin" visibility="public" complexity="1" crap="2" count="0"/>
        <line num="79" type="stmt" count="0"/>
        <line num="82" type="method" name="hasRole" visibility="public" complexity="1" crap="2" count="0"/>
        <line num="84" type="stmt" count="0"/>
        <line num="87" type="method" name="hasAnyRole" visibility="public" complexity="1" crap="2" count="0"/>
        <line num="89" type="stmt" count="0"/>
        <line num="93" type="method" name="loyaltyPoints" visibility="public" complexity="1" crap="2" count="0"/>
        <line num="95" type="stmt" count="0"/>
        <line num="99" type="method" name="boot" visibility="protected" complexity="2" crap="6" count="0"/>
        <line num="101" type="stmt" count="0"/>
        <line num="103" type="stmt" count="0"/>
        <line num="104" type="stmt" count="0"/>
        <line num="105" type="stmt" count="0"/>
        <line num="107" type="stmt" count="0"/>
        <line num="111" type="method" name="addPoints" visibility="public" complexity="1" crap="2" count="0"/>
        <line num="113" type="stmt" count="0"/>
        <line num="114" type="stmt" count="0"/>
        <line num="115" type="stmt" count="0"/>
        <line num="116" type="stmt" count="0"/>
        <line num="117" type="stmt" count="0"/>
        <line num="118" type="stmt" count="0"/>
        <line num="122" type="method" name="usePoints" visibility="public" complexity="2" crap="6" count="0"/>
        <line num="124" type="stmt" count="0"/>
        <line num="125" type="stmt" count="0"/>
        <line num="126" type="stmt" count="0"/>
        <line num="127" type="stmt" count="0"/>
        <line num="128" type="stmt" count="0"/>
        <line num="129" type="stmt" count="0"/>
        <line num="130" type="stmt" count="0"/>
        <line num="131" type="stmt" count="0"/>
        <line num="133" type="stmt" count="0"/>
        <line num="136" type="method" name="referrals" visibility="public" complexity="1" crap="2" count="0"/>
        <line num="138" type="stmt" count="0"/>
        <line num="142" type="method" name="getActiveReferralsCountAttribute" visibility="public" complexity="1" crap="2" count="0"/>
        <line num="144" type="stmt" count="0"/>
        <line num="146" type="method" name="commandes" visibility="public" complexity="1" crap="2" count="0"/>
        <line num="148" type="stmt" count="0"/>
        <line num="151" type="method" name="plat" visibility="public" complexity="1" crap="2" count="0"/>
        <line num="155" type="stmt" count="0"/>
        <metrics loc="158" ncloc="133" classes="1" methods="15" coveredmethods="0" conditionals="0" coveredconditionals="0" statements="36" coveredstatements="0" elements="51" coveredelements="0"/>
      </file>
    </package>
    <file name="C:\Users\DELL\OneDrive\Documents\Semestre 3\Développement web\Projet\backend\Mon_miam_miam\app\Models\Restaurant.php">
      <metrics loc="1" ncloc="1" classes="0" methods="0" coveredmethods="0" conditionals="0" coveredconditionals="0" statements="0" coveredstatements="0" elements="0" coveredelements="0"/>
    </file>
    <package name="App\Notifications">
      <file name="C:\Users\DELL\OneDrive\Documents\Semestre 3\Développement web\Projet\backend\Mon_miam_miam\app\Notifications\CommandeStatutChange.php">
        <class name="App\Notifications\CommandeStatutChange" namespace="App\Notifications">
          <metrics complexity="12" methods="5" coveredmethods="0" conditionals="0" coveredconditionals="0" statements="27" coveredstatements="0" elements="32" coveredelements="0"/>
        </class>
        <line num="15" type="method" name="__construct" visibility="public" complexity="1" crap="2" count="0"/>
        <line num="18" type="stmt" count="0"/>
        <line num="20" type="method" name="via" visibility="public" complexity="1" crap="2" count="0"/>
        <line num="22" type="stmt" count="0"/>
        <line num="25" type="method" name="toMail" visibility="public" complexity="1" crap="2" count="0"/>
        <line num="27" type="stmt" count="0"/>
        <line num="29" type="stmt" count="0"/>
        <line num="30" type="stmt" count="0"/>
        <line num="31" type="stmt" count="0"/>
        <line num="32" type="stmt" count="0"/>
        <line num="33" type="stmt" count="0"/>
        <line num="34" type="stmt" count="0"/>
        <line num="35" type="stmt" count="0"/>
        <line num="36" type="stmt" count="0"/>
        <line num="39" type="method" name="toArray" visibility="public" complexity="1" crap="2" count="0"/>
        <line num="41" type="stmt" count="0"/>
        <line num="42" type="stmt" count="0"/>
        <line num="43" type="stmt" count="0"/>
        <line num="44" type="stmt" count="0"/>
        <line num="45" type="stmt" count="0"/>
        <line num="46" type="stmt" count="0"/>
        <line num="47" type="stmt" count="0"/>
        <line num="50" type="method" name="getMessageStatut" visibility="private" complexity="8" crap="72" count="0"/>
        <line num="52" type="stmt" count="0"/>
        <line num="53" type="stmt" count="0"/>
        <line num="54" type="stmt" count="0"/>
        <line num="55" type="stmt" count="0"/>
        <line num="56" type="stmt" count="0"/>
        <line num="57" type="stmt" count="0"/>
        <line num="58" type="stmt" count="0"/>
        <line num="59" type="stmt" count="0"/>
        <line num="60" type="stmt" count="0"/>
        <metrics loc="62" ncloc="62" classes="1" methods="5" coveredmethods="0" conditionals="0" coveredconditionals="0" statements="27" coveredstatements="0" elements="32" coveredelements="0"/>
      </file>
    </package>
    <package name="App\Services">
      <file name="C:\Users\DELL\OneDrive\Documents\Semestre 3\Développement web\Projet\backend\Mon_miam_miam\app\Service\CartService.php">
        <class name="App\Services\CartService" namespace="App\Services">
          <metrics complexity="16" methods="9" coveredmethods="0" conditionals="0" coveredconditionals="0" statements="45" coveredstatements="0" elements="54" coveredelements="0"/>
        </class>
        <line num="12" type="method" name="getCart" visibility="public" complexity="1" crap="2" count="0"/>
        <line num="14" type="stmt" count="0"/>
        <line num="17" type="method" name="addItem" visibility="public" complexity="3" crap="12" count="0"/>
        <line num="19" type="stmt" count="0"/>
        <line num="21" type="stmt" count="0"/>
        <line num="22" type="stmt" count="0"/>
        <line num="25" type="stmt" count="0"/>
        <line num="27" type="stmt" count="0"/>
        <line num="28" type="stmt" count="0"/>
        <line num="30" type="stmt" count="0"/>
        <line num="31" type="stmt" count="0"/>
        <line num="32" type="stmt" count="0"/>
        <line num="33" type="stmt" count="0"/>
        <line num="34" type="stmt" count="0"/>
        <line num="35" type="stmt" count="0"/>
        <line num="36" type="stmt" count="0"/>
        <line num="37" type="stmt" count="0"/>
        <line num="40" type="stmt" count="0"/>
        <line num="42" type="stmt" count="0"/>
        <line num="45" type="method" name="updateQuantity" visibility="public" complexity="3" crap="12" count="0"/>
        <line num="47" type="stmt" count="0"/>
        <line num="49" type="stmt" count="0"/>
        <line num="50" type="stmt" count="0"/>
        <line num="53" type="stmt" count="0"/>
        <line num="54" type="stmt" count="0"/>
        <line num="55" type="stmt" count="0"/>
        <line num="58" type="stmt" count="0"/>
        <line num="61" type="method" name="removeItem" visibility="public" complexity="1" crap="2" count="0"/>
        <line num="63" type="stmt" count="0"/>
        <line num="64" type="stmt" count="0"/>
        <line num="65" type="stmt" count="0"/>
        <line num="67" type="stmt" count="0"/>
        <line num="70" type="method" name="clear" visibility="public" complexity="1" crap="2" count="0"/>
        <line num="72" type="stmt" count="0"/>
        <line num="75" type="method" name="getTotal" visibility="public" complexity="2" crap="6" count="0"/>
        <line num="77" type="stmt" count="0"/>
        <line num="78" type="stmt" count="0"/>
        <line num="80" type="stmt" count="0"/>
        <line num="81" type="stmt" count="0"/>
        <line num="84" type="stmt" count="0"/>
        <line num="87" type="method" name="getTotalPoints" visibility="public" complexity="2" crap="6" count="0"/>
        <line num="89" type="stmt" count="0"/>
        <line num="90" type="stmt" count="0"/>
        <line num="92" type="stmt" count="0"/>
        <line num="93" type="stmt" count="0"/>
        <line num="96" type="stmt" count="0"/>
        <line num="99" type="method" name="getItemCount" visibility="public" complexity="2" crap="6" count="0"/>
        <line num="101" type="stmt" count="0"/>
        <line num="102" type="stmt" count="0"/>
        <line num="104" type="stmt" count="0"/>
        <line num="105" type="stmt" count="0"/>
        <line num="108" type="stmt" count="0"/>
        <line num="111" type="method" name="isEmpty" visibility="public" complexity="1" crap="2" count="0"/>
        <line num="113" type="stmt" count="0"/>
        <metrics loc="115" ncloc="115" classes="1" methods="9" coveredmethods="0" conditionals="0" coveredconditionals="0" statements="45" coveredstatements="0" elements="54" coveredelements="0"/>
      </file>
    </package>
    <metrics files="56" loc="4364" ncloc="3790" classes="45" methods="194" coveredmethods="0" conditionals="0" coveredconditionals="0" statements="1756" coveredstatements="0" elements="1950" coveredelements="0"/>
  </project>
</coverage>
